{
  "stats": {
    "suites": 1,
    "tests": 3,
    "passes": 3,
    "pending": 0,
    "failures": 0,
    "start": "2025-04-20T13:51:49.022Z",
    "end": "2025-04-20T13:52:05.726Z",
    "duration": 16704,
    "testsRegistered": 3,
    "passPercent": 100,
    "pendingPercent": 0,
    "other": 0,
    "hasOther": false,
    "skipped": 0,
    "hasSkipped": false
  },
  "results": [
    {
      "uuid": "4eabe135-7234-4241-85d6-f732d56338b9",
      "title": "",
      "fullFile": "C:\\Users\\averi\\OneDrive\\Documents\\Mini Boothcamp Digital Skola_QA Engineer\\DigitalSKola\\Web UI Automation_Averina\\Test_Sesi9\\sesi9.test.js",
      "file": "\\Test_Sesi9\\sesi9.test.js",
      "beforeHooks": [],
      "afterHooks": [],
      "tests": [],
      "suites": [
        {
          "uuid": "640011ae-3721-4f9a-b530-73e188c498c3",
          "title": "Sauce Demo Test",
          "fullFile": "C:\\Users\\averi\\OneDrive\\Documents\\Mini Boothcamp Digital Skola_QA Engineer\\DigitalSKola\\Web UI Automation_Averina\\Test_Sesi9\\sesi9.test.js",
          "file": "\\Test_Sesi9\\sesi9.test.js",
          "beforeHooks": [
            {
              "title": "\"before all\" hook in \"Sauce Demo Test\"",
              "fullTitle": "Sauce Demo Test \"before all\" hook in \"Sauce Demo Test\"",
              "timedOut": false,
              "duration": 1605,
              "state": null,
              "speed": null,
              "pass": false,
              "fail": false,
              "pending": false,
              "context": null,
              "code": "console.log(`Ini mulai buka web saucedemo:)`)\n//kalau pakai chrome\noptions = new chrome.Options();\noptions.addArguments(\"--headless\");\n// driver = await new Builder(). forBrowser('chrome').build();\ndriver = await new Builder(). forBrowser('chrome').setChromeOptions(options).build();\n// //kalau pakai firefox\n// options = new firefox.Options();\n// options.addArguments(\"--headless\");\n// // driver = await new Builder(). forBrowser('firefox').build();\n// driver = await new Builder(). forBrowser('firefox').setFirefoxOptions(options).build();\nawait driver.get('https://www.saucedemo.com');",
              "err": {},
              "uuid": "ffadc1c1-50a4-4e5d-b490-22ceba50de5f",
              "parentUUID": "640011ae-3721-4f9a-b530-73e188c498c3",
              "isHook": true,
              "skipped": false
            }
          ],
          "afterHooks": [
            {
              "title": "\"after all\" hook in \"Sauce Demo Test\"",
              "fullTitle": "Sauce Demo Test \"after all\" hook in \"Sauce Demo Test\"",
              "timedOut": false,
              "duration": 5081,
              "state": null,
              "speed": null,
              "pass": false,
              "fail": false,
              "pending": false,
              "context": null,
              "code": "console.log(`Ini udah beres ya jalanin testnya:)`)\nawait driver.sleep(5000);\nawait driver.quit();",
              "err": {},
              "uuid": "99d21e97-f0ba-4ada-a09a-2144aeaf2f20",
              "parentUUID": "640011ae-3721-4f9a-b530-73e188c498c3",
              "isHook": true,
              "skipped": false
            }
          ],
          "tests": [
            {
              "title": "Validasi Berhasil Visit SauceDemo & Validasi Berhasil Login",
              "fullTitle": "Sauce Demo Test Validasi Berhasil Visit SauceDemo & Validasi Berhasil Login",
              "timedOut": false,
              "duration": 667,
              "state": "passed",
              "speed": "slow",
              "pass": true,
              "fail": false,
              "pending": false,
              "context": null,
              "code": "//Validasi Tittle\nconst title = await driver.getTitle();\nassert.strictEqual(title, 'Swag Labs');\n//Inputs untuk Login\nlet inputUsername = await driver.findElement(By.css('[data-test=\"username\"]'));\nlet inputPassword = await driver.findElement(By.xpath('//*[@data-test=\"password\"]'));\nlet buttonlogin = await driver.findElement(By.className('submit-button btn_action'));\nawait inputUsername.sendKeys('standard_user');\nawait inputPassword.sendKeys('secret_sauce');\nawait buttonlogin.click();\n//Validasi Berhasil Login\nlet buttonCart = await driver.wait(\n    until.elementLocated(By.xpath('//*[@data-test=\"shopping-cart-link\"]')),\n    5000 \n);\nawait buttonCart.isDisplayed();\n//Validasi Teks Logo\nlet textAppLogo = await driver.findElement(By.className('app_logo'))\nlet logotext = await textAppLogo.getText()\nassert.strictEqual(logotext,'Swag Labs')\n// await driver.sleep(3000);\n// await driver.quit();",
              "err": {},
              "uuid": "68506196-16e0-4748-8513-2e85d8b9f481",
              "parentUUID": "640011ae-3721-4f9a-b530-73e188c498c3",
              "isHook": false,
              "skipped": false
            },
            {
              "title": "Sorting Z to A",
              "fullTitle": "Sauce Demo Test Sorting Z to A",
              "timedOut": false,
              "duration": 8195,
              "state": "passed",
              "speed": "slow",
              "pass": true,
              "fail": false,
              "pending": false,
              "context": null,
              "code": "// Pilih dropdown dan pilih \"Name (Z to A)\"\nconst sortDropdown = await driver.findElement(By.className('product_sort_container'));\n// await sortDropdown.sendKeys('Name (Z to A)');\nawait sortDropdown.findElement(By.css('option[value=\"za\"]')).click();\n\n// Tunggu hasil sorting tampil\nawait driver.sleep(3000);\n// Ambil semua nama produk\nconst productElements = await driver.findElements(By.className('inventory_item_name'));\nconst productNames = [];\nfor (let el of productElements) {\n    const name = await el.getText();\n    productNames.push(name);\n}\n// Bandingkan urutan Z to A\nconst expectedSorted = [...productNames].sort().reverse();\nassert.deepStrictEqual(productNames, expectedSorted, 'Produk tidak terurut Z ke A');\n\n\nawait driver.sleep(5000);\n// await driver.quit();",
              "err": {},
              "uuid": "db8f4ac6-4992-455a-be6e-77c8c1d87b1f",
              "parentUUID": "640011ae-3721-4f9a-b530-73e188c498c3",
              "isHook": false,
              "skipped": false
            },
            {
              "title": "Sorting Harga dari Rendah ke Tinggi",
              "fullTitle": "Sauce Demo Test Sorting Harga dari Rendah ke Tinggi",
              "timedOut": false,
              "duration": 1145,
              "state": "passed",
              "speed": "slow",
              "pass": true,
              "fail": false,
              "pending": false,
              "context": null,
              "code": "// Pilih dropdown dan pilih \"Price (low to high)\"\nconst sortDropdown = await driver.findElement(By.className('product_sort_container'));\n// await sortDropdown.sendKeys('Price (low to high)');\nawait sortDropdown.findElement(By.css('option[value=\"lohi\"]')).click();\n\n// Tunggu hasil sorting tampil\nawait driver.sleep(1000);\n// Ambil semua elemen harga produk\nconst priceElements = await driver.findElements(By.className('inventory_item_price'));\nconst priceValues = [];\nfor (let el of priceElements) {\n    const text = await el.getText(); // Contoh: \"$7.99\"\n    const price = parseFloat(text.replace('$', '')); //melakukan konversi ke number\n    priceValues.push(price);\n}\n// Bandingkan apakah sudah terurut dari rendah ke tinggi\nconst expectedSortedPrices = [...priceValues].sort((a, b) => a - b);\nassert.deepStrictEqual(priceValues, expectedSortedPrices, 'Harga tidak terurut dari rendah ke tinggi');\n// await driver.sleep(5000);\n// await driver.quit();",
              "err": {},
              "uuid": "bf96e157-cd8e-42ae-97c4-7b6bc3de5029",
              "parentUUID": "640011ae-3721-4f9a-b530-73e188c498c3",
              "isHook": false,
              "skipped": false
            }
          ],
          "suites": [],
          "passes": [
            "68506196-16e0-4748-8513-2e85d8b9f481",
            "db8f4ac6-4992-455a-be6e-77c8c1d87b1f",
            "bf96e157-cd8e-42ae-97c4-7b6bc3de5029"
          ],
          "failures": [],
          "pending": [],
          "skipped": [],
          "duration": 10007,
          "root": false,
          "rootEmpty": false,
          "_timeout": 60000
        }
      ],
      "passes": [],
      "failures": [],
      "pending": [],
      "skipped": [],
      "duration": 0,
      "root": true,
      "rootEmpty": true,
      "_timeout": 60000
    }
  ],
  "meta": {
    "mocha": {
      "version": "11.1.0"
    },
    "mochawesome": {
      "options": {
        "quiet": false,
        "reportFilename": "mochawesome",
        "saveHtml": true,
        "saveJson": true,
        "consoleReporter": "spec",
        "useInlineDiffs": false,
        "code": true
      },
      "version": "7.1.3"
    },
    "marge": {
      "options": null,
      "version": "6.2.0"
    }
  }
}